


ARM Macro Assembler    Page 1 


    1 00000000                 PRESERVE8
    2 00000000         
    3 00000000                 AREA             THUMB, CODE, READONLY
    4 00000000         
    5 00000000                 IF               :DEF:USE_FEATURE_CORE_DUMP
    6 00000000         
    7 00000000                 EXPORT           HardFault_Handler
    8 00000000                 IMPORT           core_dump_stack
    9 00000000                 IMPORT           coredump_entry
   10 00000000                 IMPORT           core_dump_stack
   11 00000000         
   12 00000000 00000080 
                       CORE_DUMP_STACK_WORD_COUNT
                               EQU              128
   13 00000000         
   14 00000000         HardFault_Handler
                               PROC
   15 00000000 B672            cpsid            i
   16 00000002 F3EF 8C08       mrs              r12, msp
   17 00000006 4829            ldr              r0, =(core_dump_stack + (4 * CO
RE_DUMP_STACK_WORD_COUNT))
   18 00000008 4685            mov              sp, r0
   19 0000000A 4640            mov              r0, r8
   20 0000000C 4649            mov              r1, r9
   21 0000000E 4652            mov              r2, r10
   22 00000010 465B            mov              r3, r11
   23 00000012 B50F            push             {r0-r3, lr}
   24 00000014 F3EF 8303       mrs              r3, xpsr
   25 00000018 F3EF 8209       mrs              r2, psp
   26 0000001C 4661            mov              r1, r12
   27 0000001E B4FE            push             {r1-r7}
   28 00000020 4668            mov              r0, sp
   29 00000022 B662            cpsie            i
   30 00000024         
   31 00000024 F7FF FFFE       bl               coredump_entry
   32 00000028         
   33 00000028                 ENDP
   34 00000028         
   35 00000028         
   36 00000028         UsageFault_Handler
                               PROC
   37 00000028 F3BF 8F4F       dsb
   38 0000002C F3BF 8F5F       dmb
   39 00000030 F3EF 8C08       mrs              r12, msp
   40 00000034 481D            ldr              r0, =(core_dump_stack + (4 * CO
RE_DUMP_STACK_WORD_COUNT))
   41 00000036 4685            mov              sp, r0
   42 00000038 4640            mov              r0, r8
   43 0000003A 4649            mov              r1, r9
   44 0000003C 4652            mov              r2, r10
   45 0000003E 465B            mov              r3, r11
   46 00000040 B50F            push             {r0-r3, lr}
   47 00000042 F3EF 8303       mrs              r3, xpsr
   48 00000046 F3EF 8209       mrs              r2, psp
   49 0000004A 4661            mov              r1, r12
   50 0000004C B4FE            push             {r1-r7}
   51 0000004E 4668            mov              r0, sp
   52 00000050         
   53 00000050 F7FF FFFE       bl               coredump_entry



ARM Macro Assembler    Page 2 


   54 00000054         
   55 00000054         
   56 00000054                 ENDP
   57 00000054         
   58 00000054         
   59 00000054         BusFault_Handler
                               PROC
   60 00000054 F3BF 8F4F       dsb
   61 00000058 F3BF 8F5F       dmb
   62 0000005C F3EF 8C08       mrs              r12, msp
   63 00000060 4812            ldr              r0, =(core_dump_stack + (4 * CO
RE_DUMP_STACK_WORD_COUNT))
   64 00000062 4685            mov              sp, r0
   65 00000064 4640            mov              r0, r8
   66 00000066 4649            mov              r1, r9
   67 00000068 4652            mov              r2, r10
   68 0000006A 465B            mov              r3, r11
   69 0000006C B50F            push             {r0-r3, lr}
   70 0000006E F3EF 8303       mrs              r3, xpsr
   71 00000072 F3EF 8209       mrs              r2, psp
   72 00000076 4661            mov              r1, r12
   73 00000078 B4FE            push             {r1-r7}
   74 0000007A 4668            mov              r0, sp
   75 0000007C         
   76 0000007C F7FF FFFE       bl               coredump_entry
   77 00000080         
   78 00000080         
   79 00000080                 ENDP
   80 00000080         
   81 00000080         
   82 00000080         MemManage_Handler
                               PROC
   83 00000080 F3BF 8F4F       dsb
   84 00000084 F3BF 8F5F       dmb
   85 00000088 F3EF 8C08       mrs              r12, msp
   86 0000008C 4807            ldr              r0, =(core_dump_stack + (4 * CO
RE_DUMP_STACK_WORD_COUNT))
   87 0000008E 4685            mov              sp, r0
   88 00000090 4640            mov              r0, r8
   89 00000092 4649            mov              r1, r9
   90 00000094 4652            mov              r2, r10
   91 00000096 465B            mov              r3, r11
   92 00000098 B50F            push             {r0-r3, lr}
   93 0000009A F3EF 8303       mrs              r3, xpsr
   94 0000009E F3EF 8209       mrs              r2, psp
   95 000000A2 4661            mov              r1, r12
   96 000000A4 B4FE            push             {r1-r7}
   97 000000A6 4668            mov              r0, sp
   98 000000A8         
   99 000000A8 F7FF FFFE       bl               coredump_entry
  100 000000AC         
  101 000000AC         
  102 000000AC                 ENDP
  103 000000AC                 ENDIF
  104 000000AC         
  105 000000AC         WDOG_EWM_IRQHandler
                               PROC
  106 000000AC         
  107 000000AC                 ENDP



ARM Macro Assembler    Page 3 


  108 000000AC         
  109 000000AC                 END
              00000200 
Command Line: --debug --xref --diag_suppress=9931 --cpu=Cortex-M4.fp.sp --no_un
aligned_access --depend=.\objects\coredump_asm.d -o.\objects\coredump_asm.o -IC
:\Users\Vector_71\AppData\Local\Arm\Packs\Keil\S32_SDK_DFP\1.5.0\platform\devic
es -IC:\Keil_v5\ARM\CMSIS\Include --predefine="__UVISION_VERSION SETA 531" --pr
edefine="CPU_S32K148 SETA 1" --predefine="USE_FEATURE_CORE_DUMP SETA 1" --list=
.\listings\coredump_asm.lst firmware\src\coredump_asm.s



ARM Macro Assembler    Page 1 Alphabetic symbol ordering
Relocatable symbols

BusFault_Handler 00000054

Symbol: BusFault_Handler
   Definitions
      At line 59 in file firmware\src\coredump_asm.s
   Uses
      None
Comment: BusFault_Handler unused
HardFault_Handler 00000000

Symbol: HardFault_Handler
   Definitions
      At line 14 in file firmware\src\coredump_asm.s
   Uses
      At line 7 in file firmware\src\coredump_asm.s
Comment: HardFault_Handler used once
MemManage_Handler 00000080

Symbol: MemManage_Handler
   Definitions
      At line 82 in file firmware\src\coredump_asm.s
   Uses
      None
Comment: MemManage_Handler unused
THUMB 00000000

Symbol: THUMB
   Definitions
      At line 3 in file firmware\src\coredump_asm.s
   Uses
      None
Comment: THUMB unused
UsageFault_Handler 00000028

Symbol: UsageFault_Handler
   Definitions
      At line 36 in file firmware\src\coredump_asm.s
   Uses
      None
Comment: UsageFault_Handler unused
WDOG_EWM_IRQHandler 000000AC

Symbol: WDOG_EWM_IRQHandler
   Definitions
      At line 105 in file firmware\src\coredump_asm.s
   Uses
      None
Comment: WDOG_EWM_IRQHandler unused
6 symbols



ARM Macro Assembler    Page 1 Alphabetic symbol ordering
Absolute symbols

CORE_DUMP_STACK_WORD_COUNT 00000080

Symbol: CORE_DUMP_STACK_WORD_COUNT
   Definitions
      At line 12 in file firmware\src\coredump_asm.s
   Uses
      At line 17 in file firmware\src\coredump_asm.s
      At line 40 in file firmware\src\coredump_asm.s
      At line 63 in file firmware\src\coredump_asm.s
      At line 86 in file firmware\src\coredump_asm.s

1 symbol



ARM Macro Assembler    Page 1 Alphabetic symbol ordering
External symbols

core_dump_stack 00000000

Symbol: core_dump_stack
   Definitions
      At line 8 in file firmware\src\coredump_asm.s
      At line 10 in file firmware\src\coredump_asm.s
   Uses
      At line 17 in file firmware\src\coredump_asm.s
      At line 40 in file firmware\src\coredump_asm.s
      At line 63 in file firmware\src\coredump_asm.s
      At line 86 in file firmware\src\coredump_asm.s
Warning: core_dump_stack multiply defined
coredump_entry 00000000

Symbol: coredump_entry
   Definitions
      At line 9 in file firmware\src\coredump_asm.s
   Uses
      At line 31 in file firmware\src\coredump_asm.s
      At line 53 in file firmware\src\coredump_asm.s
      At line 76 in file firmware\src\coredump_asm.s
      At line 99 in file firmware\src\coredump_asm.s

2 symbols
345 symbols in table
